<?xml version="1.0" encoding="UTF-8"?>
<Site BuildName="(empty)"
	BuildStamp="20230823-1049-Experimental"
	Name="(empty)"
	Generator="ctest-3.23.0-rc2"
	CompilerName=""
	CompilerVersion=""
	OSName="Windows"
	Hostname="LAPTOP-2VEUF0IT"
	OSRelease=" Personal"
	OSVersion=" (Build 22621)"
	OSPlatform="AMD64"
	Is64Bits="1"
	VendorString="AuthenticAMD"
	VendorID="Advanced Micro Devices"
	FamilyID="15"
	ModelID="0"
	ProcessorCacheSize="64"
	NumberOfLogicalCPU="16"
	NumberOfPhysicalCPU="8"
	TotalVirtualMemory="65889"
	TotalPhysicalMemory="28524"
	LogicalProcessorsPerPhysical="2"
	ProcessorClockFrequency="3193"
	>
	<Testing>
		<StartDateTime>Aug 23 19:59 Tokyo Standard Time</StartDateTime>
		<StartTestTime>1692788342</StartTestTime>
		<TestList/>
		<EndDateTime>Aug 23 19:59 Tokyo Standard Time</EndDateTime>
		<EndTestTime>1692788342</EndTestTime>
		<ElapsedMinutes>0</ElapsedMinutes>
	</Testing>
</Site>
